1744407600243:commands
1744407602920:help
1744407647175:script --help
1744409821463:?
1744409823484:help
1744409828840:show
1744409830739:list
1744409835262:clar
1744409837312:clear
1744409911413:help
1744410115454:list-jobs
1744410489980:help
1744410528517:scrape
1744410542533:scrape --title=java+developer
1744410560833:clear
1744410585125:scrape --tiltle "java+developer"
1744410600341:scrape --title java+developer
1744412740875:scrape
1744412759570:scrape --tiltle java+developer
1744412775172:scrape --title java+developer
1744412975062:stacktrace
1744413118406:java --title java+developer
1744413136420:scrape --title java+developer
1744413309416:scrape --tiltle java+developer
1744413325762:scrape --title java+developer
1744413649768:ll
1744413884420:scrape --title python+developer
1744414378951:scrape --title java+developer
1744414438398:ll
1744414587687:size
1744414740900:ll
1744458469049:scrape --title java
1744459118684:help
1744459132896:scrape --title java+developer
1753541178805:help
1753541188008:scrape
1753541209361:scrape --title="java"
1753541219559:scrape java
